[I 23:20:09.891 NotebookApp] [nb_conda_kernels] enabled, 2 kernels found
[I 23:20:15.639 NotebookApp] [nb_anacondacloud] enabled
[I 23:20:15.780 NotebookApp] [nb_conda] enabled
[I 23:20:16.841 NotebookApp] ✓ nbpresent HTML export ENABLED
[W 23:20:16.841 NotebookApp] ✗ nbpresent PDF export DISABLED: No module named 'nbbrowserpdf'
[I 23:20:16.851 NotebookApp] Serving notebooks from local directory: /home/cqgz21/SearchTheory
[I 23:20:16.851 NotebookApp] 0 active kernels
[I 23:20:16.851 NotebookApp] The Jupyter Notebook is running at:
[I 23:20:16.851 NotebookApp] http://10.1.4.35:13837/?token=7c59eb16a221333e85a823469b8d7c67ca59fd3367eb5b87
[I 23:20:16.851 NotebookApp] Use Control-C to stop this server and shut down all kernels (twice to skip confirmation).
[C 23:20:16.887 NotebookApp] 
    
    Copy/paste this URL into your browser when you connect for the first time,
    to login with a token:
        http://10.1.4.35:13837/?token=7c59eb16a221333e85a823469b8d7c67ca59fd3367eb5b87
[I 23:23:41.940 NotebookApp] 302 GET /?token=7c59eb16a221333e85a823469b8d7c67ca59fd3367eb5b87 (10.1.10.130) 1.90ms
[I 23:23:52.651 NotebookApp] Kernel started: c7c750cc-4608-426d-bcdc-9b86936edbaa
[I 23:23:57.796 NotebookApp] Adapting to protocol v5.0 for kernel c7c750cc-4608-426d-bcdc-9b86936edbaa
[I 23:24:03.261 NotebookApp] Copying CE_Robust_perturb.ipynb to 
[I 23:37:52.529 NotebookApp] Saving file at /CE_Robust_perturb.ipynb
[I 23:39:52.532 NotebookApp] Saving file at /CE_Robust_perturb.ipynb
[I 23:46:50.786 NotebookApp] Kernel started: f5a0807c-fe47-4541-8581-df2656de1614
[I 23:46:50.921 NotebookApp] Starting buffering for c7c750cc-4608-426d-bcdc-9b86936edbaa:C6C74F7AA9604FD0951EC06B091A60FA
[I 23:46:54.122 NotebookApp] Adapting to protocol v5.0 for kernel f5a0807c-fe47-4541-8581-df2656de1614
[I 23:48:50.798 NotebookApp] Saving file at /CE_FurtherExplore.ipynb
[I 23:50:50.810 NotebookApp] Saving file at /CE_FurtherExplore.ipynb
[I 23:52:50.789 NotebookApp] Saving file at /CE_FurtherExplore.ipynb
[I 23:54:50.801 NotebookApp] Saving file at /CE_FurtherExplore.ipynb
[I 23:56:23.319 NotebookApp] Starting buffering for f5a0807c-fe47-4541-8581-df2656de1614:9801A818CD8A4658B5EF832AD493C979
[I 23:56:28.432 NotebookApp] Kernel restarted: f5a0807c-fe47-4541-8581-df2656de1614
[I 23:56:32.653 NotebookApp] Adapting to protocol v5.0 for kernel f5a0807c-fe47-4541-8581-df2656de1614
[I 23:56:32.654 NotebookApp] Restoring connection for f5a0807c-fe47-4541-8581-df2656de1614:9801A818CD8A4658B5EF832AD493C979
[I 23:56:32.654 NotebookApp] Replaying 3 buffered messages
[I 23:56:50.792 NotebookApp] Saving file at /CE_FurtherExplore.ipynb
[I 23:58:50.796 NotebookApp] Saving file at /CE_FurtherExplore.ipynb
[I 00:00:50.796 NotebookApp] Saving file at /CE_FurtherExplore.ipynb
[I 00:02:50.793 NotebookApp] Saving file at /CE_FurtherExplore.ipynb
[I 00:04:50.795 NotebookApp] Saving file at /CE_FurtherExplore.ipynb
[I 00:14:50.795 NotebookApp] Saving file at /CE_FurtherExplore.ipynb
[I 00:16:50.802 NotebookApp] Saving file at /CE_FurtherExplore.ipynb
[I 00:18:50.798 NotebookApp] Saving file at /CE_FurtherExplore.ipynb
[I 19:58:50.833 NotebookApp] Saving file at /CE_FurtherExplore.ipynb
[I 20:00:50.795 NotebookApp] Saving file at /CE_FurtherExplore.ipynb
[I 20:02:50.792 NotebookApp] Saving file at /CE_FurtherExplore.ipynb
[I 20:04:50.801 NotebookApp] Saving file at /CE_FurtherExplore.ipynb
[I 20:26:50.794 NotebookApp] Saving file at /CE_FurtherExplore.ipynb
[I 20:28:50.798 NotebookApp] Saving file at /CE_FurtherExplore.ipynb
[I 20:30:50.800 NotebookApp] Saving file at /CE_FurtherExplore.ipynb
[I 20:32:50.799 NotebookApp] Saving file at /CE_FurtherExplore.ipynb
[I 20:34:50.798 NotebookApp] Saving file at /CE_FurtherExplore.ipynb
[I 20:35:24.211 NotebookApp] Saving file at /CE_FurtherExplore.ipynb
[I 20:36:09.238 NotebookApp] Saving file at /CE_FurtherExplore.ipynb
[I 20:36:20.915 NotebookApp] Saving file at /CE_FurtherExplore.ipynb
[I 20:40:16.141 NotebookApp] Saving file at /CE_FurtherExplore.ipynb
[I 20:50:51.339 NotebookApp] Saving file at /CE_FurtherExplore.ipynb
[I 20:52:22.928 NotebookApp] Kernel interrupted: f5a0807c-fe47-4541-8581-df2656de1614
[I 20:52:36.568 NotebookApp] Kernel interrupted: f5a0807c-fe47-4541-8581-df2656de1614
[I 20:52:50.798 NotebookApp] Saving file at /CE_FurtherExplore.ipynb
[I 20:54:51.339 NotebookApp] Saving file at /CE_FurtherExplore.ipynb
[I 20:56:50.804 NotebookApp] Saving file at /CE_FurtherExplore.ipynb
[I 20:58:51.334 NotebookApp] Saving file at /CE_FurtherExplore.ipynb
[I 21:00:51.334 NotebookApp] Saving file at /CE_FurtherExplore.ipynb
[I 21:22:51.340 NotebookApp] Saving file at /CE_FurtherExplore.ipynb
[I 21:28:58.804 NotebookApp] Adapting to protocol v5.0 for kernel c7c750cc-4608-426d-bcdc-9b86936edbaa
[I 21:30:06.978 NotebookApp] Kernel started: 9605b3bc-793f-432b-a522-56197fe481fb
[I 21:30:10.800 NotebookApp] Adapting to protocol v5.0 for kernel 9605b3bc-793f-432b-a522-56197fe481fb
[I 21:30:35.355 NotebookApp] Starting buffering for c7c750cc-4608-426d-bcdc-9b86936edbaa:D198464E316645378518CAD50E962B2A
[I 21:32:50.798 NotebookApp] Saving file at /CE_FurtherExplore.ipynb
[I 21:34:51.337 NotebookApp] Saving file at /CE_FurtherExplore.ipynb
[I 21:36:50.804 NotebookApp] Saving file at /CE_FurtherExplore.ipynb
[I 21:38:51.338 NotebookApp] Saving file at /CE_FurtherExplore.ipynb
[I 21:46:50.799 NotebookApp] Saving file at /CE_FurtherExplore.ipynb
[I 21:48:50.798 NotebookApp] Saving file at /CE_FurtherExplore.ipynb
[I 21:50:51.339 NotebookApp] Saving file at /CE_FurtherExplore.ipynb
[I 21:52:50.795 NotebookApp] Saving file at /CE_FurtherExplore.ipynb
[I 21:54:50.805 NotebookApp] Saving file at /CE_FurtherExplore.ipynb
[I 21:56:51.345 NotebookApp] Saving file at /CE_FurtherExplore.ipynb
[I 23:42:51.345 NotebookApp] Saving file at /CE_FurtherExplore.ipynb
[I 23:48:50.807 NotebookApp] Saving file at /CE_FurtherExplore.ipynb
[I 23:52:50.802 NotebookApp] Saving file at /CE_FurtherExplore.ipynb
[I 23:54:50.796 NotebookApp] Saving file at /CE_FurtherExplore.ipynb
[I 00:02:50.794 NotebookApp] Saving file at /CE_FurtherExplore.ipynb
[I 00:04:50.798 NotebookApp] Saving file at /CE_FurtherExplore.ipynb
[I 00:06:50.800 NotebookApp] Saving file at /CE_FurtherExplore.ipynb
[I 02:06:50.808 NotebookApp] Saving file at /CE_FurtherExplore.ipynb
[I 02:08:50.803 NotebookApp] Saving file at /CE_FurtherExplore.ipynb
[I 02:09:39.729 NotebookApp] Saving file at /CE_FurtherExplore.ipynb
[I 02:10:50.805 NotebookApp] Saving file at /CE_FurtherExplore.ipynb
[I 02:11:07.005 NotebookApp] Saving file at /CE_FurtherExplore.ipynb
[I 02:11:30.773 NotebookApp] Saving file at /CE_FurtherExplore.ipynb
[I 02:12:50.803 NotebookApp] Saving file at /CE_FurtherExplore.ipynb
[I 02:12:57.529 NotebookApp] Kernel interrupted: f5a0807c-fe47-4541-8581-df2656de1614
[I 02:14:50.806 NotebookApp] Saving file at /CE_FurtherExplore.ipynb
[I 02:32:50.801 NotebookApp] Saving file at /CE_FurtherExplore.ipynb
[I 02:34:50.811 NotebookApp] Saving file at /CE_FurtherExplore.ipynb
[I 02:39:41.114 NotebookApp] Saving file at /CE_FurtherExplore.ipynb
[I 02:40:50.804 NotebookApp] Saving file at /CE_FurtherExplore.ipynb
[I 02:42:05.387 NotebookApp] Saving file at /CE_FurtherExplore.ipynb
[I 02:42:50.804 NotebookApp] Saving file at /CE_FurtherExplore.ipynb
[I 02:44:28.269 NotebookApp] Starting buffering for f5a0807c-fe47-4541-8581-df2656de1614:9801A818CD8A4658B5EF832AD493C979
[I 02:44:33.365 NotebookApp] Kernel restarted: f5a0807c-fe47-4541-8581-df2656de1614
[I 02:44:37.572 NotebookApp] Adapting to protocol v5.0 for kernel f5a0807c-fe47-4541-8581-df2656de1614
[I 02:44:37.573 NotebookApp] Restoring connection for f5a0807c-fe47-4541-8581-df2656de1614:9801A818CD8A4658B5EF832AD493C979
[I 02:44:37.573 NotebookApp] Replaying 3 buffered messages
[I 02:44:50.798 NotebookApp] Saving file at /CE_FurtherExplore.ipynb
[I 02:46:50.804 NotebookApp] Saving file at /CE_FurtherExplore.ipynb
[I 02:48:50.877 NotebookApp] Saving file at /CE_FurtherExplore.ipynb
[I 02:50:50.803 NotebookApp] Saving file at /CE_FurtherExplore.ipynb
[I 02:54:50.807 NotebookApp] Saving file at /CE_FurtherExplore.ipynb
[I 03:06:50.807 NotebookApp] Saving file at /CE_FurtherExplore.ipynb
[I 03:10:50.805 NotebookApp] Saving file at /CE_FurtherExplore.ipynb
[I 03:12:50.804 NotebookApp] Saving file at /CE_FurtherExplore.ipynb
[I 03:14:50.794 NotebookApp] Saving file at /CE_FurtherExplore.ipynb
[I 03:14:58.232 NotebookApp] Saving file at /CE_FurtherExplore.ipynb
[I 03:23:06.031 NotebookApp] Saving file at /CE_FurtherExplore.ipynb
[I 03:23:18.920 NotebookApp] Saving file at /CE_FurtherExplore.ipynb
[I 03:23:44.741 NotebookApp] Saving file at /CE_FurtherExplore.ipynb
[I 03:24:50.802 NotebookApp] Saving file at /CE_FurtherExplore.ipynb
[I 03:25:35.055 NotebookApp] Kernel interrupted: f5a0807c-fe47-4541-8581-df2656de1614
[I 03:26:50.802 NotebookApp] Saving file at /CE_FurtherExplore.ipynb
[I 03:36:50.808 NotebookApp] Saving file at /CE_FurtherExplore.ipynb
[I 03:46:50.812 NotebookApp] Saving file at /CE_FurtherExplore.ipynb
[I 03:56:50.813 NotebookApp] Saving file at /CE_FurtherExplore.ipynb
[I 03:58:50.804 NotebookApp] Saving file at /CE_FurtherExplore.ipynb
[I 04:00:50.808 NotebookApp] Saving file at /CE_FurtherExplore.ipynb
[I 04:02:50.812 NotebookApp] Saving file at /CE_FurtherExplore.ipynb
[I 04:04:50.803 NotebookApp] Saving file at /CE_FurtherExplore.ipynb
[I 04:04:56.543 NotebookApp] Saving file at /CE_FurtherExplore.ipynb
[I 04:06:50.810 NotebookApp] Saving file at /CE_FurtherExplore.ipynb
[I 04:08:02.798 NotebookApp] Kernel interrupted: f5a0807c-fe47-4541-8581-df2656de1614
[I 04:08:50.809 NotebookApp] Saving file at /CE_FurtherExplore.ipynb
[I 04:09:06.316 NotebookApp] Saving file at /CE_FurtherExplore.ipynb
[I 04:10:50.804 NotebookApp] Saving file at /CE_FurtherExplore.ipynb
[I 04:12:50.806 NotebookApp] Saving file at /CE_FurtherExplore.ipynb
[I 04:16:50.804 NotebookApp] Saving file at /CE_FurtherExplore.ipynb
[I 04:18:50.803 NotebookApp] Saving file at /CE_FurtherExplore.ipynb
[I 04:21:39.565 NotebookApp] Kernel interrupted: f5a0807c-fe47-4541-8581-df2656de1614
[I 04:22:50.797 NotebookApp] Saving file at /CE_FurtherExplore.ipynb
[I 04:24:50.809 NotebookApp] Saving file at /CE_FurtherExplore.ipynb
[I 04:26:50.815 NotebookApp] Saving file at /CE_FurtherExplore.ipynb
[I 04:44:50.809 NotebookApp] Saving file at /CE_FurtherExplore.ipynb
[I 04:50:50.808 NotebookApp] Saving file at /CE_FurtherExplore.ipynb
[I 04:52:50.806 NotebookApp] Saving file at /CE_FurtherExplore.ipynb
[I 05:00:50.808 NotebookApp] Saving file at /CE_FurtherExplore.ipynb
[I 05:02:50.810 NotebookApp] Saving file at /CE_FurtherExplore.ipynb
[I 05:04:50.808 NotebookApp] Saving file at /CE_FurtherExplore.ipynb
[I 05:06:50.807 NotebookApp] Saving file at /CE_FurtherExplore.ipynb
[I 05:07:01.558 NotebookApp] Saving file at /CE_FurtherExplore.ipynb
[I 05:10:50.855 NotebookApp] Saving file at /CE_FurtherExplore.ipynb
[I 05:12:50.805 NotebookApp] Saving file at /CE_FurtherExplore.ipynb
[I 05:13:01.310 NotebookApp] Kernel interrupted: f5a0807c-fe47-4541-8581-df2656de1614
[I 05:14:50.801 NotebookApp] Saving file at /CE_FurtherExplore.ipynb
[I 05:24:50.807 NotebookApp] Saving file at /CE_FurtherExplore.ipynb
[I 05:32:50.794 NotebookApp] Saving file at /CE_FurtherExplore.ipynb
[I 05:36:50.803 NotebookApp] Saving file at /CE_FurtherExplore.ipynb
[I 05:48:50.805 NotebookApp] Saving file at /CE_FurtherExplore.ipynb
[I 06:00:50.811 NotebookApp] Saving file at /CE_FurtherExplore.ipynb
[I 06:04:50.817 NotebookApp] Saving file at /CE_FurtherExplore.ipynb
[I 06:12:50.796 NotebookApp] Saving file at /CE_FurtherExplore.ipynb
[I 06:22:50.802 NotebookApp] Saving file at /CE_FurtherExplore.ipynb
[I 06:24:50.813 NotebookApp] Saving file at /CE_FurtherExplore.ipynb
[I 08:50:51.835 NotebookApp] Saving file at /CE_FurtherExplore.ipynb
[I 09:04:56.686 NotebookApp] Saving file at /CE_FurtherExplore.ipynb
[I 09:13:31.795 NotebookApp] Starting buffering for f5a0807c-fe47-4541-8581-df2656de1614:9801A818CD8A4658B5EF832AD493C979
slurmstepd: error: *** JOB 7545924 ON node435 CANCELLED AT 2018-03-02T11:15:14 DUE TO TIME LIMIT ***
