[I 10:49:17.250 NotebookApp] [nb_conda_kernels] enabled, 2 kernels found
[I 10:49:19.152 NotebookApp] [nb_anacondacloud] enabled
[I 10:49:19.162 NotebookApp] [nb_conda] enabled
[I 10:49:19.693 NotebookApp] ✓ nbpresent HTML export ENABLED
[W 10:49:19.694 NotebookApp] ✗ nbpresent PDF export DISABLED: No module named 'nbbrowserpdf'
[I 10:49:19.702 NotebookApp] Serving notebooks from local directory: /home/cqgz21/SearchTheory
[I 10:49:19.703 NotebookApp] 0 active kernels
[I 10:49:19.703 NotebookApp] The Jupyter Notebook is running at:
[I 10:49:19.703 NotebookApp] http://10.1.4.41:51834/?token=0fcf5b8ea25173aac6401c74f42d608d5619cac47792a300
[I 10:49:19.703 NotebookApp] Use Control-C to stop this server and shut down all kernels (twice to skip confirmation).
[C 10:49:19.720 NotebookApp] 
    
    Copy/paste this URL into your browser when you connect for the first time,
    to login with a token:
        http://10.1.4.41:51834/?token=0fcf5b8ea25173aac6401c74f42d608d5619cac47792a300
[I 10:51:42.039 NotebookApp] 302 GET /?token=0fcf5b8ea25173aac6401c74f42d608d5619cac47792a300 (10.1.10.130) 1.45ms
[I 10:51:58.761 NotebookApp] Kernel started: 50089d8b-809f-4e31-ba08-af160891d4ee
[I 10:52:02.465 NotebookApp] Adapting to protocol v5.0 for kernel 50089d8b-809f-4e31-ba08-af160891d4ee
[I 10:53:58.762 NotebookApp] Saving file at /CE_2018_AdaptiveMovement.ipynb
[I 10:55:58.827 NotebookApp] Saving file at /CE_2018_AdaptiveMovement.ipynb
[I 10:57:58.766 NotebookApp] Saving file at /CE_2018_AdaptiveMovement.ipynb
[I 10:59:58.759 NotebookApp] Saving file at /CE_2018_AdaptiveMovement.ipynb
[I 11:01:58.766 NotebookApp] Saving file at /CE_2018_AdaptiveMovement.ipynb
[I 11:07:58.777 NotebookApp] Saving file at /CE_2018_AdaptiveMovement.ipynb
[I 11:13:58.774 NotebookApp] Saving file at /CE_2018_AdaptiveMovement.ipynb
[I 11:15:58.769 NotebookApp] Saving file at /CE_2018_AdaptiveMovement.ipynb
[I 11:17:58.771 NotebookApp] Saving file at /CE_2018_AdaptiveMovement.ipynb
[I 11:19:58.774 NotebookApp] Saving file at /CE_2018_AdaptiveMovement.ipynb
[I 11:21:58.782 NotebookApp] Saving file at /CE_2018_AdaptiveMovement.ipynb
[I 11:23:58.770 NotebookApp] Saving file at /CE_2018_AdaptiveMovement.ipynb
[I 11:25:58.784 NotebookApp] Saving file at /CE_2018_AdaptiveMovement.ipynb
[I 11:27:58.815 NotebookApp] Saving file at /CE_2018_AdaptiveMovement.ipynb
[I 11:29:58.778 NotebookApp] Saving file at /CE_2018_AdaptiveMovement.ipynb
[I 11:31:58.767 NotebookApp] Saving file at /CE_2018_AdaptiveMovement.ipynb
[I 11:33:58.777 NotebookApp] Saving file at /CE_2018_AdaptiveMovement.ipynb
[I 11:35:58.771 NotebookApp] Saving file at /CE_2018_AdaptiveMovement.ipynb
[I 11:37:58.762 NotebookApp] Saving file at /CE_2018_AdaptiveMovement.ipynb
[I 11:39:59.353 NotebookApp] Saving file at /CE_2018_AdaptiveMovement.ipynb
[I 11:41:58.772 NotebookApp] Saving file at /CE_2018_AdaptiveMovement.ipynb
[I 11:43:58.771 NotebookApp] Saving file at /CE_2018_AdaptiveMovement.ipynb
[I 11:45:59.329 NotebookApp] Saving file at /CE_2018_AdaptiveMovement.ipynb
[I 11:49:58.767 NotebookApp] Saving file at /CE_2018_AdaptiveMovement.ipynb
[I 11:51:58.754 NotebookApp] Saving file at /CE_2018_AdaptiveMovement.ipynb
[I 11:53:58.753 NotebookApp] Saving file at /CE_2018_AdaptiveMovement.ipynb
[I 11:55:58.764 NotebookApp] Saving file at /CE_2018_AdaptiveMovement.ipynb
[I 12:03:59.328 NotebookApp] Saving file at /CE_2018_AdaptiveMovement.ipynb
[I 12:05:58.763 NotebookApp] Saving file at /CE_2018_AdaptiveMovement.ipynb
[I 12:07:58.768 NotebookApp] Saving file at /CE_2018_AdaptiveMovement.ipynb
[I 12:09:58.784 NotebookApp] Saving file at /CE_2018_AdaptiveMovement.ipynb
[I 12:11:58.759 NotebookApp] Saving file at /CE_2018_AdaptiveMovement.ipynb
[I 12:13:58.760 NotebookApp] Saving file at /CE_2018_AdaptiveMovement.ipynb
[I 12:17:58.763 NotebookApp] Saving file at /CE_2018_AdaptiveMovement.ipynb
[I 12:19:58.764 NotebookApp] Saving file at /CE_2018_AdaptiveMovement.ipynb
[I 12:21:58.764 NotebookApp] Saving file at /CE_2018_AdaptiveMovement.ipynb
[I 12:23:58.751 NotebookApp] Saving file at /CE_2018_AdaptiveMovement.ipynb
[I 12:25:58.760 NotebookApp] Saving file at /CE_2018_AdaptiveMovement.ipynb
[I 12:27:58.754 NotebookApp] Saving file at /CE_2018_AdaptiveMovement.ipynb
[I 12:29:58.758 NotebookApp] Saving file at /CE_2018_AdaptiveMovement.ipynb
[I 12:31:58.761 NotebookApp] Saving file at /CE_2018_AdaptiveMovement.ipynb
[I 12:33:58.760 NotebookApp] Saving file at /CE_2018_AdaptiveMovement.ipynb
[I 12:35:58.763 NotebookApp] Saving file at /CE_2018_AdaptiveMovement.ipynb
[I 12:37:58.759 NotebookApp] Saving file at /CE_2018_AdaptiveMovement.ipynb
[I 14:17:43.932 NotebookApp] Starting buffering for 50089d8b-809f-4e31-ba08-af160891d4ee:CEDA52588955421A84A5CC6E52D1688F
[I 14:37:18.554 NotebookApp] 302 GET /?token=0fcf5b8ea25173aac6401c74f42d608d5619cac47792a300 (10.1.10.130) 1.35ms
[I 14:37:33.238 NotebookApp] Adapting to protocol v5.0 for kernel 50089d8b-809f-4e31-ba08-af160891d4ee
[I 14:41:32.935 NotebookApp] Saving file at /CE_2018_AdaptiveMovement.ipynb
[I 14:43:32.954 NotebookApp] Saving file at /CE_2018_AdaptiveMovement.ipynb
[I 14:45:32.975 NotebookApp] Saving file at /CE_2018_AdaptiveMovement.ipynb
[I 14:47:32.939 NotebookApp] Saving file at /CE_2018_AdaptiveMovement.ipynb
[I 14:51:32.981 NotebookApp] Saving file at /CE_2018_AdaptiveMovement.ipynb
[I 14:53:32.965 NotebookApp] Saving file at /CE_2018_AdaptiveMovement.ipynb
[I 14:55:32.978 NotebookApp] Saving file at /CE_2018_AdaptiveMovement.ipynb
[I 14:57:32.986 NotebookApp] Saving file at /CE_2018_AdaptiveMovement.ipynb
[I 15:01:32.994 NotebookApp] Saving file at /CE_2018_AdaptiveMovement.ipynb
[I 15:03:33.059 NotebookApp] Saving file at /CE_2018_AdaptiveMovement.ipynb
[I 15:09:33.032 NotebookApp] Saving file at /CE_2018_AdaptiveMovement.ipynb
[I 15:13:33.022 NotebookApp] Saving file at /CE_2018_AdaptiveMovement.ipynb
[I 15:15:33.021 NotebookApp] Saving file at /CE_2018_AdaptiveMovement.ipynb
[I 15:17:33.031 NotebookApp] Saving file at /CE_2018_AdaptiveMovement.ipynb
[I 15:19:33.030 NotebookApp] Saving file at /CE_2018_AdaptiveMovement.ipynb
[I 15:21:33.042 NotebookApp] Saving file at /CE_2018_AdaptiveMovement.ipynb
[I 15:23:33.073 NotebookApp] Saving file at /CE_2018_AdaptiveMovement.ipynb
[I 15:25:33.052 NotebookApp] Saving file at /CE_2018_AdaptiveMovement.ipynb
[I 15:27:33.048 NotebookApp] Saving file at /CE_2018_AdaptiveMovement.ipynb
[I 15:29:33.125 NotebookApp] Saving file at /CE_2018_AdaptiveMovement.ipynb
[I 15:29:56.711 NotebookApp] Saving file at /CE_2018_AdaptiveMovement.ipynb
[I 15:31:33.047 NotebookApp] Saving file at /CE_2018_AdaptiveMovement.ipynb
[I 15:33:33.056 NotebookApp] Saving file at /CE_2018_AdaptiveMovement.ipynb
[I 15:35:33.038 NotebookApp] Saving file at /CE_2018_AdaptiveMovement.ipynb
[I 15:36:28.025 NotebookApp] Saving file at /CE_2018_AdaptiveMovement.ipynb
[I 15:37:33.079 NotebookApp] Saving file at /CE_2018_AdaptiveMovement.ipynb
[I 15:39:33.160 NotebookApp] Saving file at /CE_2018_AdaptiveMovement.ipynb
[I 15:41:33.097 NotebookApp] Saving file at /CE_2018_AdaptiveMovement.ipynb
[I 15:43:33.071 NotebookApp] Saving file at /CE_2018_AdaptiveMovement.ipynb
[I 15:45:33.074 NotebookApp] Saving file at /CE_2018_AdaptiveMovement.ipynb
[I 15:47:33.075 NotebookApp] Saving file at /CE_2018_AdaptiveMovement.ipynb
[I 15:49:33.093 NotebookApp] Saving file at /CE_2018_AdaptiveMovement.ipynb
[I 15:51:33.089 NotebookApp] Saving file at /CE_2018_AdaptiveMovement.ipynb
[I 15:53:33.194 NotebookApp] Saving file at /CE_2018_AdaptiveMovement.ipynb
[I 15:55:33.089 NotebookApp] Saving file at /CE_2018_AdaptiveMovement.ipynb
[I 15:57:35.544 NotebookApp] Saving file at /CE_2018_AdaptiveMovement.ipynb
[W 16:05:03.240 NotebookApp] WebSocket ping timeout after 119912 ms.
[I 16:05:08.244 NotebookApp] Starting buffering for 50089d8b-809f-4e31-ba08-af160891d4ee:FFE016D259254E30A6EA505B8EB9FEA3
